<?xml version="1.0" encoding="UTF-8"?>
<testng-results ignored="0" total="2" passed="2" failed="0" skipped="0">
  <reporter-output>
  </reporter-output>
  <suite started-at="2021-10-08T10:01:32Z" name="Default suite" finished-at="2021-10-08T10:01:36Z" duration-ms="4483">
    <groups>
    </groups>
    <test started-at="2021-10-08T10:01:32Z" name="Default test" finished-at="2021-10-08T10:01:36Z" duration-ms="4483">
      <class name="day2.Github">
        <test-method is-config="true" signature="BeforeTest()[pri:0, instance:day2.Github@14fa86ae]" started-at="2021-10-08T10:01:32Z" name="BeforeTest" finished-at="2021-10-08T10:01:32Z" duration-ms="939" status="PASS">
          <reporter-output>
          </reporter-output>
        </test-method> <!-- BeforeTest -->
        <test-method signature="creatingRepos()[pri:0, instance:day2.Github@14fa86ae]" started-at="2021-10-08T10:01:32Z" name="creatingRepos" finished-at="2021-10-08T10:01:36Z" duration-ms="3054" status="PASS">
          <reporter-output>
          </reporter-output>
        </test-method> <!-- creatingRepos -->
        <test-method signature="gettingAllRepos()[pri:0, instance:day2.Github@14fa86ae]" started-at="2021-10-08T10:01:36Z" name="gettingAllRepos" finished-at="2021-10-08T10:01:36Z" duration-ms="463" status="PASS">
          <reporter-output>
          </reporter-output>
        </test-method> <!-- gettingAllRepos -->
      </class> <!-- day2.Github -->
    </test> <!-- Default test -->
  </suite> <!-- Default suite -->
</testng-results>
